[0m00:03:22.778121 [debug] [MainThread]: Sending event: {'category': 'dbt', 'action': 'invocation', 'label': 'start', 'context': [<snowplow_tracker.self_describing_json.SelfDescribingJson object at 0x000002121CFC0FE0>, <snowplow_tracker.self_describing_json.SelfDescribingJson object at 0x000002121D09B0B0>, <snowplow_tracker.self_describing_json.SelfDescribingJson object at 0x0000021219E39CD0>]}


============================== 00:03:22.803952 | e828289e-dcf1-4e59-92f1-93497eff1668 ==============================
[0m00:03:22.803952 [info ] [MainThread]: Running with dbt=1.9.4
[0m00:03:22.809254 [debug] [MainThread]: running dbt with arguments {'printer_width': '80', 'indirect_selection': 'eager', 'write_json': 'True', 'log_cache_events': 'False', 'partial_parse': 'True', 'cache_selected_only': 'False', 'warn_error': 'None', 'debug': 'False', 'version_check': 'True', 'log_path': 'logs', 'fail_fast': 'False', 'profiles_dir': 'C:\\Users\\Juan Felipe\\.dbt', 'use_colors': 'True', 'use_experimental_parser': 'False', 'no_print': 'None', 'quiet': 'False', 'empty': 'None', 'warn_error_options': 'WarnErrorOptions(include=[], exclude=[])', 'invocation_command': 'dbt init', 'log_format': 'default', 'static_parser': 'True', 'target_path': 'None', 'introspect': 'True', 'send_anonymous_usage_stats': 'True'}
[0m00:03:22.975358 [warn ] [MainThread]: [ConfigFolderDirectory]: Unable to parse logging event dictionary. Failed to parse dir field: expected string or bytes-like object, got 'WindowsPath'.. Dictionary: {'dir': WindowsPath('C:/Users/Juan Felipe/.dbt')}
[0m00:03:22.990477 [info ] [MainThread]: Creating dbt configuration folder at 
[0m00:04:12.413665 [debug] [MainThread]: Starter project path: C:\Users\Juan Felipe\AppData\Local\Programs\Python\Python312\Lib\site-packages\dbt\include\starter_project
[0m00:04:12.537350 [info ] [MainThread]: 
Your new dbt project "oms_dbt_proj" was created!

For more information on how to configure the profiles.yml file,
please consult the dbt documentation here:

  https://docs.getdbt.com/docs/configure-your-profile

One more thing:

Need help? Don't hesitate to reach out to us via GitHub issues or on Slack:

  https://community.getdbt.com/

Happy modeling!

[0m00:04:12.544665 [info ] [MainThread]: Setting up your profile.
[0m00:10:43.562845 [error] [MainThread]: Encountered an error:

[0m00:10:43.576871 [error] [MainThread]: Traceback (most recent call last):
  File "C:\Users\Juan Felipe\AppData\Local\Programs\Python\Python312\Lib\site-packages\dbt\cli\requires.py", line 153, in wrapper
    result, success = func(*args, **kwargs)
                      ^^^^^^^^^^^^^^^^^^^^^
  File "C:\Users\Juan Felipe\AppData\Local\Programs\Python\Python312\Lib\site-packages\dbt\cli\requires.py", line 103, in wrapper
    return func(*args, **kwargs)
           ^^^^^^^^^^^^^^^^^^^^^
  File "C:\Users\Juan Felipe\AppData\Local\Programs\Python\Python312\Lib\site-packages\dbt\cli\main.py", line 477, in init
    results = task.run()
              ^^^^^^^^^^
  File "C:\Users\Juan Felipe\AppData\Local\Programs\Python\Python312\Lib\site-packages\dbt\task\init.py", line 346, in run
    self.setup_profile(profile_name)
  File "C:\Users\Juan Felipe\AppData\Local\Programs\Python\Python312\Lib\site-packages\dbt\task\init.py", line 262, in setup_profile
    self.create_profile_from_target(adapter, profile_name=profile_name)
  File "C:\Users\Juan Felipe\AppData\Local\Programs\Python\Python312\Lib\site-packages\dbt\task\init.py", line 179, in create_profile_from_target
    self.create_profile_from_profile_template(profile_template, profile_name)
  File "C:\Users\Juan Felipe\AppData\Local\Programs\Python\Python312\Lib\site-packages\dbt\task\init.py", line 163, in create_profile_from_profile_template
    target = self.generate_target_from_input(prompts, initial_target)
             ^^^^^^^^^^^^^^^^^^^^^^^^^^^^^^^^^^^^^^^^^^^^^^^^^^^^^^^^
  File "C:\Users\Juan Felipe\AppData\Local\Programs\Python\Python312\Lib\site-packages\dbt\task\init.py", line 113, in generate_target_from_input
    numeric_choice = click.prompt(prompt_msg, type=click.INT)
                     ^^^^^^^^^^^^^^^^^^^^^^^^^^^^^^^^^^^^^^^^
  File "C:\Users\Juan Felipe\AppData\Local\Programs\Python\Python312\Lib\site-packages\click\termui.py", line 164, in prompt
    value = prompt_func(prompt)
            ^^^^^^^^^^^^^^^^^^^
  File "C:\Users\Juan Felipe\AppData\Local\Programs\Python\Python312\Lib\site-packages\click\termui.py", line 147, in prompt_func
    raise Abort() from None
click.exceptions.Abort

[0m00:10:43.596027 [debug] [MainThread]: Command `dbt init` failed at 00:10:43.595725 after 441.40 seconds
[0m00:10:43.599740 [debug] [MainThread]: Sending event: {'category': 'dbt', 'action': 'invocation', 'label': 'end', 'context': [<snowplow_tracker.self_describing_json.SelfDescribingJson object at 0x000002121D188500>, <snowplow_tracker.self_describing_json.SelfDescribingJson object at 0x00000212259A66F0>, <snowplow_tracker.self_describing_json.SelfDescribingJson object at 0x0000021224EDB320>]}
[0m00:10:43.603901 [debug] [MainThread]: Flushing usage events
[0m00:10:44.346489 [debug] [MainThread]: An error was encountered while trying to flush usage events
[0m00:10:57.106989 [debug] [MainThread]: Sending event: {'category': 'dbt', 'action': 'invocation', 'label': 'start', 'context': [<snowplow_tracker.self_describing_json.SelfDescribingJson object at 0x000001CFB520BA10>, <snowplow_tracker.self_describing_json.SelfDescribingJson object at 0x000001CFB51B99D0>, <snowplow_tracker.self_describing_json.SelfDescribingJson object at 0x000001CFB77B3920>]}


============================== 00:10:57.119045 | 639b30ba-2c48-420b-9ce5-8d0e70e1719e ==============================
[0m00:10:57.119045 [info ] [MainThread]: Running with dbt=1.9.4
[0m00:10:57.120977 [debug] [MainThread]: running dbt with arguments {'printer_width': '80', 'indirect_selection': 'eager', 'write_json': 'True', 'log_cache_events': 'False', 'partial_parse': 'True', 'cache_selected_only': 'False', 'warn_error': 'None', 'debug': 'False', 'fail_fast': 'False', 'log_path': 'logs', 'profiles_dir': 'C:\\Users\\Juan Felipe\\.dbt', 'version_check': 'True', 'use_colors': 'True', 'use_experimental_parser': 'False', 'no_print': 'None', 'quiet': 'False', 'empty': 'None', 'log_format': 'default', 'introspect': 'True', 'invocation_command': 'dbt init', 'static_parser': 'True', 'target_path': 'None', 'warn_error_options': 'WarnErrorOptions(include=[], exclude=[])', 'send_anonymous_usage_stats': 'True'}
[0m00:11:41.610421 [info ] [MainThread]: A project called oms_dbt_proj already exists here.
[0m00:11:41.616427 [debug] [MainThread]: Command `dbt init` succeeded at 00:11:41.615471 after 44.82 seconds
[0m00:11:41.619422 [debug] [MainThread]: Sending event: {'category': 'dbt', 'action': 'invocation', 'label': 'end', 'context': [<snowplow_tracker.self_describing_json.SelfDescribingJson object at 0x000001CFB7E07110>, <snowplow_tracker.self_describing_json.SelfDescribingJson object at 0x000001CFB82A2990>, <snowplow_tracker.self_describing_json.SelfDescribingJson object at 0x000001CFB7752F90>]}
[0m00:11:41.623902 [debug] [MainThread]: Flushing usage events
[0m00:11:42.099315 [debug] [MainThread]: An error was encountered while trying to flush usage events
[0m00:11:59.794917 [debug] [MainThread]: Sending event: {'category': 'dbt', 'action': 'invocation', 'label': 'start', 'context': [<snowplow_tracker.self_describing_json.SelfDescribingJson object at 0x00000165E2BC14C0>, <snowplow_tracker.self_describing_json.SelfDescribingJson object at 0x00000165E2BC1340>, <snowplow_tracker.self_describing_json.SelfDescribingJson object at 0x00000165E2BC3E90>]}


============================== 00:11:59.811706 | 6d7a9b4f-685e-41ad-bfc5-0f0b0ec5b8b8 ==============================
[0m00:11:59.811706 [info ] [MainThread]: Running with dbt=1.9.4
[0m00:11:59.813699 [debug] [MainThread]: running dbt with arguments {'printer_width': '80', 'indirect_selection': 'eager', 'write_json': 'True', 'log_cache_events': 'False', 'partial_parse': 'True', 'cache_selected_only': 'False', 'warn_error': 'None', 'version_check': 'True', 'profiles_dir': 'C:\\Users\\Juan Felipe\\.dbt', 'log_path': 'logs', 'fail_fast': 'False', 'debug': 'False', 'use_colors': 'True', 'use_experimental_parser': 'False', 'no_print': 'None', 'quiet': 'False', 'empty': 'None', 'warn_error_options': 'WarnErrorOptions(include=[], exclude=[])', 'invocation_command': 'dbt init', 'introspect': 'True', 'static_parser': 'True', 'target_path': 'None', 'log_format': 'default', 'send_anonymous_usage_stats': 'True'}
[0m00:12:03.138344 [debug] [MainThread]: Starter project path: C:\Users\Juan Felipe\AppData\Local\Programs\Python\Python312\Lib\site-packages\dbt\include\starter_project
[0m00:12:03.212267 [info ] [MainThread]: 
Your new dbt project "prueba" was created!

For more information on how to configure the profiles.yml file,
please consult the dbt documentation here:

  https://docs.getdbt.com/docs/configure-your-profile

One more thing:

Need help? Don't hesitate to reach out to us via GitHub issues or on Slack:

  https://community.getdbt.com/

Happy modeling!

[0m00:12:03.217399 [info ] [MainThread]: Setting up your profile.
[0m00:21:55.386335 [info ] [MainThread]: Profile prueba written to C:\Users\Juan Felipe\.dbt\profiles.yml using target's profile_template.yml and your supplied values. Run 'dbt debug' to validate the connection.
[0m00:21:55.395839 [debug] [MainThread]: Command `dbt init` succeeded at 00:21:55.394791 after 595.82 seconds
[0m00:21:55.398839 [debug] [MainThread]: Sending event: {'category': 'dbt', 'action': 'invocation', 'label': 'end', 'context': [<snowplow_tracker.self_describing_json.SelfDescribingJson object at 0x00000165E2F54E30>, <snowplow_tracker.self_describing_json.SelfDescribingJson object at 0x00000165DD378D40>, <snowplow_tracker.self_describing_json.SelfDescribingJson object at 0x00000165EC55D850>]}
[0m00:21:55.402162 [debug] [MainThread]: Flushing usage events
[0m00:21:56.037887 [debug] [MainThread]: An error was encountered while trying to flush usage events
[0m00:26:59.241461 [debug] [MainThread]: Sending event: {'category': 'dbt', 'action': 'invocation', 'label': 'start', 'context': [<snowplow_tracker.self_describing_json.SelfDescribingJson object at 0x00000270AFB4CB00>, <snowplow_tracker.self_describing_json.SelfDescribingJson object at 0x00000270B245AC90>, <snowplow_tracker.self_describing_json.SelfDescribingJson object at 0x00000270AF2558E0>]}


============================== 00:26:59.259141 | 8914ca85-72ca-4032-b39c-a61ab5c8c5f6 ==============================
[0m00:26:59.259141 [info ] [MainThread]: Running with dbt=1.9.4
[0m00:26:59.261539 [debug] [MainThread]: running dbt with arguments {'printer_width': '80', 'indirect_selection': 'eager', 'write_json': 'True', 'log_cache_events': 'False', 'partial_parse': 'True', 'cache_selected_only': 'False', 'warn_error': 'None', 'debug': 'False', 'version_check': 'True', 'log_path': 'logs', 'fail_fast': 'False', 'profiles_dir': 'C:\\Users\\Juan Felipe\\.dbt', 'use_colors': 'True', 'use_experimental_parser': 'False', 'empty': 'None', 'quiet': 'False', 'no_print': 'None', 'warn_error_options': 'WarnErrorOptions(include=[], exclude=[])', 'introspect': 'True', 'log_format': 'default', 'static_parser': 'True', 'target_path': 'None', 'invocation_command': 'dbt debug', 'send_anonymous_usage_stats': 'True'}
[0m00:26:59.353697 [info ] [MainThread]: dbt version: 1.9.4
[0m00:26:59.356699 [info ] [MainThread]: python version: 3.12.4
[0m00:26:59.359699 [info ] [MainThread]: python path: C:\Users\Juan Felipe\AppData\Local\Programs\Python\Python312\python.exe
[0m00:26:59.362785 [info ] [MainThread]: os info: Windows-10-10.0.19045-SP0
[0m00:27:03.488170 [info ] [MainThread]: Using profiles dir at C:\Users\Juan Felipe\.dbt
[0m00:27:03.491117 [info ] [MainThread]: Using profiles.yml file at C:\Users\Juan Felipe\.dbt\profiles.yml
[0m00:27:03.493338 [info ] [MainThread]: Using dbt_project.yml file at C:\Users\Juan Felipe\Downloads\dbt_workspace\dbt_project.yml
[0m00:27:03.500937 [info ] [MainThread]: adapter type: snowflake
[0m00:27:03.505130 [info ] [MainThread]: adapter version: 1.9.4
[0m00:27:03.507130 [info ] [MainThread]: Configuration:
[0m00:27:03.510127 [info ] [MainThread]:   profiles.yml file [[32mOK found and valid[0m]
[0m00:27:03.521797 [info ] [MainThread]:   dbt_project.yml file [[31mERROR not found[0m]
[0m00:27:03.527921 [info ] [MainThread]: Required dependencies:
[0m00:27:03.545120 [debug] [MainThread]: Executing "git --help"
[0m00:27:04.106329 [debug] [MainThread]: STDOUT: "b"usage: git [-v | --version] [-h | --help] [-C <path>] [-c <name>=<value>]\n           [--exec-path[=<path>]] [--html-path] [--man-path] [--info-path]\n           [-p | --paginate | -P | --no-pager] [--no-replace-objects] [--bare]\n           [--git-dir=<path>] [--work-tree=<path>] [--namespace=<name>]\n           [--config-env=<name>=<envvar>] <command> [<args>]\n\nThese are common Git commands used in various situations:\n\nstart a working area (see also: git help tutorial)\n   clone     Clone a repository into a new directory\n   init      Create an empty Git repository or reinitialize an existing one\n\nwork on the current change (see also: git help everyday)\n   add       Add file contents to the index\n   mv        Move or rename a file, a directory, or a symlink\n   restore   Restore working tree files\n   rm        Remove files from the working tree and from the index\n\nexamine the history and state (see also: git help revisions)\n   bisect    Use binary search to find the commit that introduced a bug\n   diff      Show changes between commits, commit and working tree, etc\n   grep      Print lines matching a pattern\n   log       Show commit logs\n   show      Show various types of objects\n   status    Show the working tree status\n\ngrow, mark and tweak your common history\n   branch    List, create, or delete branches\n   commit    Record changes to the repository\n   merge     Join two or more development histories together\n   rebase    Reapply commits on top of another base tip\n   reset     Reset current HEAD to the specified state\n   switch    Switch branches\n   tag       Create, list, delete or verify a tag object signed with GPG\n\ncollaborate (see also: git help workflows)\n   fetch     Download objects and refs from another repository\n   pull      Fetch from and integrate with another repository or a local branch\n   push      Update remote refs along with associated objects\n\n'git help -a' and 'git help -g' list available subcommands and some\nconcept guides. See 'git help <command>' or 'git help <concept>'\nto read about a specific subcommand or concept.\nSee 'git help git' for an overview of the system.\n""
[0m00:27:04.108331 [debug] [MainThread]: STDERR: "b''"
[0m00:27:04.110327 [info ] [MainThread]:  - git [[32mOK found[0m]

[0m00:27:04.113125 [info ] [MainThread]: Connection:
[0m00:27:04.118623 [info ] [MainThread]:   account: my62916.mexico-central.azure
[0m00:27:04.122085 [info ] [MainThread]:   user: Datanomads
[0m00:27:04.125835 [info ] [MainThread]:   database: HACKADATA
[0m00:27:04.128882 [info ] [MainThread]:   warehouse: DATANOMADS
[0m00:27:04.135058 [info ] [MainThread]:   role: ACCOUNTADMIN
[0m00:27:04.140121 [info ] [MainThread]:   schema: SILVER
[0m00:27:04.143415 [info ] [MainThread]:   authenticator: None
[0m00:27:04.145890 [info ] [MainThread]:   oauth_client_id: None
[0m00:27:04.152838 [info ] [MainThread]:   query_tag: None
[0m00:27:04.159746 [info ] [MainThread]:   client_session_keep_alive: False
[0m00:27:04.162507 [info ] [MainThread]:   host: None
[0m00:27:04.179238 [info ] [MainThread]:   port: None
[0m00:27:04.195124 [info ] [MainThread]:   proxy_host: None
[0m00:27:04.204367 [info ] [MainThread]:   proxy_port: None
[0m00:27:04.209653 [info ] [MainThread]:   protocol: None
[0m00:27:04.213142 [info ] [MainThread]:   connect_retries: 1
[0m00:27:04.222478 [info ] [MainThread]:   connect_timeout: None
[0m00:27:04.225172 [info ] [MainThread]:   retry_on_database_errors: False
[0m00:27:04.229438 [info ] [MainThread]:   retry_all: False
[0m00:27:04.239961 [info ] [MainThread]:   insecure_mode: False
[0m00:27:04.242889 [info ] [MainThread]:   reuse_connections: True
[0m00:27:04.246973 [info ] [MainThread]: Registered adapter: snowflake=1.9.4
[0m00:27:06.240000 [debug] [MainThread]: Acquiring new snowflake connection 'debug'
[0m00:27:30.774971 [debug] [MainThread]: Using snowflake connection "debug"
[0m00:27:30.777006 [debug] [MainThread]: On debug: select 1 as id
[0m00:27:30.780163 [debug] [MainThread]: Opening a new connection, currently in state init
[0m00:27:38.195471 [debug] [MainThread]: SQL status: SUCCESS 1 in 7.414 seconds
[0m00:27:38.289175 [info ] [MainThread]:   Connection test: [[32mOK connection ok[0m]

[0m00:27:38.357357 [info ] [MainThread]: [31m1 check failed:[0m
[0m00:27:38.418135 [info ] [MainThread]: Project loading failed for the following reason:
 project path <C:\Users\Juan Felipe\Downloads\dbt_workspace\dbt_project.yml> not found

[0m00:27:38.519353 [debug] [MainThread]: Command `dbt debug` failed at 00:27:38.518269 after 39.71 seconds
[0m00:27:38.521893 [debug] [MainThread]: Connection 'debug' was left open.
[0m00:27:38.524192 [debug] [MainThread]: On debug: Close
[0m00:27:38.854258 [debug] [MainThread]: Sending event: {'category': 'dbt', 'action': 'invocation', 'label': 'end', 'context': [<snowplow_tracker.self_describing_json.SelfDescribingJson object at 0x00000270AFB4CB00>, <snowplow_tracker.self_describing_json.SelfDescribingJson object at 0x00000270BB6854C0>, <snowplow_tracker.self_describing_json.SelfDescribingJson object at 0x00000270B20873E0>]}
[0m00:27:38.857446 [debug] [MainThread]: Flushing usage events
[0m00:27:39.523904 [debug] [MainThread]: An error was encountered while trying to flush usage events
